2025-04-18 16:50:27,407 - AdaptiveMFA.Database - INFO - Database initialized at security_system.db
2025-04-18 16:50:27,416 - RiskAssessment.UserBehaviorRiskFactor - INFO - No existing access history found or file corrupted. Starting fresh.
2025-04-18 16:50:27,419 - RiskAssessment.NetworkBasedRiskFactor - INFO - No known devices file found. Starting fresh.
2025-04-18 16:50:27,435 - AdaptiveMFA - INFO - Adaptive MFA system initialized
2025-04-18 16:50:37,322 - HomeLock - ERROR - System error: 'EpsilonGreedyBandit' object has no attribute 'factor_names'
Traceback (most recent call last):
  File "/home/vatsal/Projects/Embedded/homeSecurityRiskIoT-main/main.py", line 71, in main
    success = mfa.authenticate_user(username)
  File "/home/vatsal/Projects/Embedded/homeSecurityRiskIoT-main/adaptive_mfa.py", line 173, in authenticate_user
    risk_score, weights = self.calculate_risk_score(context)
  File "/home/vatsal/Projects/Embedded/homeSecurityRiskIoT-main/adaptive_mfa.py", line 112, in calculate_risk_score
    weights = self.bandit_algorithms[self.active_bandit].select_weights(context)
  File "/home/vatsal/Projects/Embedded/homeSecurityRiskIoT-main/ContextualBandits/EpsilonGreedyBandit.py", line 33, in select_weights
    for name in self.factor_names}
AttributeError: 'EpsilonGreedyBandit' object has no attribute 'factor_names'
2025-04-18 16:50:37,500 - AdaptiveMFA - INFO - AdaptiveMFA system shutdown
2025-04-18 16:50:37,503 - HomeLock - INFO - System shutdown complete
2025-04-18 16:57:19,019 - AdaptiveMFA.Database - INFO - Database initialized at security_system.db
2025-04-18 16:57:19,030 - RiskAssessment.UserBehaviorRiskFactor - INFO - No existing access history found or file corrupted. Starting fresh.
2025-04-18 16:57:19,034 - RiskAssessment.NetworkBasedRiskFactor - INFO - No known devices file found. Starting fresh.
2025-04-18 16:57:19,046 - AdaptiveMFA - INFO - Adaptive MFA system initialized
2025-04-18 16:57:31,170 - HomeLock - ERROR - System error: 'EpsilonGreedyBandit' object has no attribute 'factor_names'
Traceback (most recent call last):
  File "/home/vatsal/Projects/Embedded/homeSecurityRiskIoT-main/main.py", line 71, in main
    success = mfa.authenticate_user(username)
  File "/home/vatsal/Projects/Embedded/homeSecurityRiskIoT-main/adaptive_mfa.py", line 173, in authenticate_user
    risk_score, weights = self.calculate_risk_score(context)
  File "/home/vatsal/Projects/Embedded/homeSecurityRiskIoT-main/adaptive_mfa.py", line 112, in calculate_risk_score
    weights = self.bandit_algorithms[self.active_bandit].select_weights(context)
  File "/home/vatsal/Projects/Embedded/homeSecurityRiskIoT-main/ContextualBandits/EpsilonGreedyBandit.py", line 27, in select_weights
    return {name: random.uniform(0.5, 1.5) for name in self.factor_names}
AttributeError: 'EpsilonGreedyBandit' object has no attribute 'factor_names'
2025-04-18 16:57:32,094 - AdaptiveMFA - INFO - AdaptiveMFA system shutdown
2025-04-18 16:57:32,096 - HomeLock - INFO - System shutdown complete
2025-04-18 16:59:14,172 - AdaptiveMFA.Database - INFO - Database initialized at security_system.db
2025-04-18 16:59:14,177 - RiskAssessment.UserBehaviorRiskFactor - INFO - No existing access history found or file corrupted. Starting fresh.
2025-04-18 16:59:14,179 - RiskAssessment.NetworkBasedRiskFactor - INFO - No known devices file found. Starting fresh.
2025-04-18 16:59:14,190 - AdaptiveMFA - INFO - Adaptive MFA system initialized
2025-04-18 16:59:22,384 - HomeLock - ERROR - System error: 'TimeBasedRiskFactor' object has no attribute 'get_raw_value'
Traceback (most recent call last):
  File "/home/vatsal/Projects/Embedded/homeSecurityRiskIoT-main/main.py", line 71, in main
    success = mfa.authenticate_user(username)
  File "/home/vatsal/Projects/Embedded/homeSecurityRiskIoT-main/adaptive_mfa.py", line 173, in authenticate_user
    risk_score, weights = self.calculate_risk_score(context)
  File "/home/vatsal/Projects/Embedded/homeSecurityRiskIoT-main/adaptive_mfa.py", line 127, in calculate_risk_score
    factor.get_raw_value(context),
AttributeError: 'TimeBasedRiskFactor' object has no attribute 'get_raw_value'
2025-04-18 16:59:23,229 - AdaptiveMFA - INFO - AdaptiveMFA system shutdown
2025-04-18 16:59:23,232 - HomeLock - INFO - System shutdown complete
2025-04-18 17:05:32,691 - AdaptiveMFA.Database - INFO - Database initialized at security_system.db
2025-04-18 17:05:32,700 - RiskAssessment.UserBehaviorRiskFactor - INFO - No existing access history found or file corrupted. Starting fresh.
2025-04-18 17:05:32,703 - RiskAssessment.NetworkBasedRiskFactor - INFO - No known devices file found. Starting fresh.
2025-04-18 17:05:32,716 - AdaptiveMFA - INFO - Adaptive MFA system initialized
2025-04-18 17:05:39,533 - AdaptiveMFA - INFO - Risk assessment for 457: 0.36
2025-04-18 17:05:39,535 - AdaptiveMFA - INFO - Required authentication methods: ['password', 'otp']
2025-04-18 17:05:49,442 - HomeLock - INFO - Auth attempt for 457: failed
2025-04-18 17:06:32,068 - AdaptiveMFA.Database - INFO - Created user 455
2025-04-18 17:06:42,668 - HomeLock - INFO - New user registered: 455
2025-04-18 17:17:39,181 - HomeLock - INFO - System shutdown requested
2025-04-18 17:17:39,898 - AdaptiveMFA - INFO - AdaptiveMFA system shutdown
2025-04-18 17:17:39,901 - HomeLock - INFO - System shutdown complete
2025-04-18 17:30:38,857 - AdaptiveMFA.Database - INFO - Database initialized at security_system.db
2025-04-18 17:30:38,863 - RiskAssessment.UserBehaviorRiskFactor - INFO - No existing access history found or file corrupted. Starting fresh.
2025-04-18 17:30:38,865 - RiskAssessment.NetworkBasedRiskFactor - INFO - No known devices file found. Starting fresh.
2025-04-18 17:30:38,880 - AdaptiveMFA - INFO - Adaptive MFA system initialized
2025-04-18 17:31:46,931 - AdaptiveMFA.Database - INFO - Created user 454
2025-04-18 17:32:06,769 - HomeLock - INFO - System shutdown requested
2025-04-18 17:32:07,039 - AdaptiveMFA - INFO - AdaptiveMFA system shutdown
2025-04-18 17:32:07,043 - HomeLock - INFO - System shutdown complete
2025-04-18 18:34:19,920 - AdaptiveMFA.Database - INFO - Database initialized at security_system.db
2025-04-18 18:34:19,929 - RiskAssessment.UserBehaviorRiskFactor - INFO - No existing access history found or file corrupted. Starting fresh.
2025-04-18 18:34:19,932 - RiskAssessment.NetworkBasedRiskFactor - INFO - No known devices file found. Starting fresh.
2025-04-18 18:34:19,949 - AdaptiveMFA - INFO - Adaptive MFA system initialized
2025-04-18 18:34:28,796 - HomeLock - INFO - System shutdown requested
2025-04-18 18:34:29,006 - AdaptiveMFA - INFO - AdaptiveMFA system shutdown
2025-04-18 18:34:29,009 - HomeLock - INFO - System shutdown complete
2025-04-18 18:51:47,319 - AdaptiveMFA.Database - INFO - Database initialized at security_system.db
2025-04-18 18:51:47,328 - RiskAssessment.UserBehaviorRiskFactor - INFO - No existing access history found or file corrupted. Starting fresh.
2025-04-18 18:51:47,331 - RiskAssessment.NetworkBasedRiskFactor - INFO - No known devices file found. Starting fresh.
2025-04-18 18:51:47,349 - AdaptiveMFA - INFO - Adaptive MFA system initialized
2025-04-18 18:52:32,772 - AdaptiveMFA.Database - INFO - Created user 554
2025-04-18 18:52:51,881 - HomeLock - INFO - New user registered: 554
2025-04-18 18:53:25,078 - AdaptiveMFA - INFO - Risk assessment for 554: 0.49
2025-04-18 18:53:26,750 - AdaptiveMFA - INFO - Required authentication methods: ['password', 'otp']
2025-04-18 18:56:26,069 - HomeLock - INFO - Auth attempt for 554: success
2025-04-18 20:15:50,555 - AdaptiveMFA.Database - INFO - Database initialized at security_system.db
2025-04-18 20:15:50,568 - RiskAssessment.NetworkBasedRiskFactor - INFO - No known devices file found. Starting fresh.
2025-04-18 20:15:50,583 - AdaptiveMFA - INFO - Adaptive MFA system initialized
2025-04-18 20:20:02,854 - AdaptiveMFA.Database - INFO - Created user 5555
2025-04-18 20:20:22,024 - HomeLock - INFO - New user registered: 5555
2025-04-18 20:20:52,811 - AdaptiveMFA - INFO - Risk assessment for 5555: 0.51
2025-04-18 20:20:54,470 - AdaptiveMFA - INFO - Required authentication methods: ['password', 'otp']
2025-04-18 20:21:07,433 - HomeLock - INFO - Auth attempt for 5555: failed
2025-04-18 20:21:25,407 - AdaptiveMFA - INFO - Risk assessment for 5555: 0.52
2025-04-18 20:21:27,068 - AdaptiveMFA - INFO - Required authentication methods: ['password', 'otp']
2025-04-18 20:21:34,919 - HomeLock - INFO - Auth attempt for 5555: failed
2025-04-18 20:23:53,732 - AdaptiveMFA.Database - INFO - Created user 9999
2025-04-18 20:24:12,498 - HomeLock - INFO - New user registered: 9999
2025-04-18 20:24:33,306 - AdaptiveMFA - INFO - Risk assessment for 9999: 0.60
2025-04-18 20:24:34,967 - AdaptiveMFA - INFO - Required authentication methods: ['password', 'otp']
2025-04-18 20:25:30,802 - HomeLock - INFO - Auth attempt for 9999: success
2025-04-18 20:26:11,335 - AdaptiveMFA - INFO - Risk assessment for 9999: 0.55
2025-04-18 20:26:12,997 - AdaptiveMFA - INFO - Required authentication methods: ['password', 'otp']
2025-04-18 20:26:21,717 - HomeLock - INFO - Auth attempt for 9999: failed
2025-04-18 20:26:34,710 - AdaptiveMFA - INFO - Risk assessment for 9999: 0.51
2025-04-18 20:26:36,374 - AdaptiveMFA - INFO - Required authentication methods: ['password', 'otp']
2025-04-18 20:26:42,312 - HomeLock - INFO - Auth attempt for 9999: failed
2025-04-18 20:26:48,203 - AdaptiveMFA - INFO - Risk assessment for 9999: 0.54
2025-04-18 20:26:49,864 - AdaptiveMFA - INFO - Required authentication methods: ['password', 'otp']
2025-04-18 20:26:59,732 - HomeLock - INFO - Auth attempt for 9999: failed
2025-04-18 20:27:06,332 - AdaptiveMFA - INFO - Rate limit exceeded for user: 9999
2025-04-18 20:27:08,337 - HomeLock - INFO - Auth attempt for 9999: failed
2025-04-18 20:27:18,956 - AdaptiveMFA - INFO - Rate limit exceeded for user: 9999
2025-04-18 20:27:20,961 - HomeLock - INFO - Auth attempt for 9999: failed
2025-04-18 20:27:57,356 - AdaptiveMFA - INFO - Rate limit exceeded for user: 9999
2025-04-18 20:27:59,361 - HomeLock - INFO - Auth attempt for 9999: failed
2025-04-18 20:29:03,417 - AdaptiveMFA - INFO - Rate limit exceeded for user: 9999
2025-04-18 20:29:05,422 - HomeLock - INFO - Auth attempt for 9999: failed
2025-04-18 20:29:17,390 - HomeLock - INFO - System shutdown requested
